[2018.09.21 10:49:22] (Coverage): Failed to load coverage data from file: C:\Users\Administrator\.IntelliJIdea2018.2\system\coverage\visa_equity$ApplicationMain.ic
java.io.EOFException
	at java.io.DataInputStream.readUnsignedByte(DataInputStream.java:290)
	at com.intellij.rt.coverage.util.CoverageIOUtil.readINT(CoverageIOUtil.java:135)
	at com.intellij.rt.coverage.util.ProjectDataLoader.load(ProjectDataLoader.java:38)
	at com.intellij.coverage.IDEACoverageRunner.loadCoverageData(IDEACoverageRunner.java:26)
	at com.intellij.coverage.BaseCoverageSuite.loadProjectInfo(BaseCoverageSuite.java:245)
	at com.intellij.coverage.JavaCoverageSuite.getCoverageData(JavaCoverageSuite.java:177)
	at com.intellij.coverage.CoverageSuitesBundle.getCoverageData(CoverageSuitesBundle.java:95)
	at com.intellij.coverage.PackageAnnotator.annotate(PackageAnnotator.java:139)
	at com.intellij.coverage.JavaCoverageAnnotator.lambda$createRenewRequest$1(JavaCoverageAnnotator.java:142)
	at com.intellij.coverage.BaseCoverageAnnotator$1.run(BaseCoverageAnnotator.java:36)
	at com.intellij.openapi.progress.impl.CoreProgressManager$TaskRunnable.run(CoreProgressManager.java:736)
	at com.intellij.openapi.progress.impl.CoreProgressManager.lambda$runProcess$1(CoreProgressManager.java:157)
	at com.intellij.openapi.progress.impl.CoreProgressManager.registerIndicatorAndRun(CoreProgressManager.java:580)
	at com.intellij.openapi.progress.impl.CoreProgressManager.executeProcessUnderProgress(CoreProgressManager.java:525)
	at com.intellij.openapi.progress.impl.ProgressManagerImpl.executeProcessUnderProgress(ProgressManagerImpl.java:85)
	at com.intellij.openapi.progress.impl.CoreProgressManager.runProcess(CoreProgressManager.java:144)
	at com.intellij.openapi.progress.impl.CoreProgressManager$4.run(CoreProgressManager.java:395)
	at com.intellij.openapi.application.impl.ApplicationImpl$1.run(ApplicationImpl.java:314)
	at java.util.concurrent.Executors$RunnableAdapter.call(Executors.java:511)
	at java.util.concurrent.FutureTask.run(FutureTask.java:266)
	at java.util.concurrent.ThreadPoolExecutor.runWorker(ThreadPoolExecutor.java:1142)
	at java.util.concurrent.ThreadPoolExecutor$Worker.run(ThreadPoolExecutor.java:617)
	at java.lang.Thread.run(Thread.java:745)
[2018.09.21 10:56:06] (Coverage): Failed to load coverage data from file: C:\Users\Administrator\.IntelliJIdea2018.2\system\coverage\visa_equity$ApplicationMain.ic
java.io.EOFException
	at java.io.DataInputStream.readUnsignedByte(DataInputStream.java:290)
	at com.intellij.rt.coverage.util.CoverageIOUtil.readINT(CoverageIOUtil.java:135)
	at com.intellij.rt.coverage.util.ProjectDataLoader.load(ProjectDataLoader.java:38)
	at com.intellij.coverage.IDEACoverageRunner.loadCoverageData(IDEACoverageRunner.java:26)
	at com.intellij.coverage.BaseCoverageSuite.loadProjectInfo(BaseCoverageSuite.java:245)
	at com.intellij.coverage.JavaCoverageSuite.getCoverageData(JavaCoverageSuite.java:177)
	at com.intellij.coverage.CoverageSuitesBundle.getCoverageData(CoverageSuitesBundle.java:95)
	at com.intellij.coverage.SrcFileAnnotator.showCoverageInformation(SrcFileAnnotator.java:289)
	at com.intellij.coverage.CoverageDataManagerImpl$CoverageEditorFactoryListener.lambda$editorCreated$1(CoverageDataManagerImpl.java:707)
	at com.intellij.util.concurrency.QueueProcessor.runSafely(QueueProcessor.java:232)
	at com.intellij.util.Alarm$Request.runSafely(Alarm.java:405)
	at com.intellij.util.Alarm$Request.access$700(Alarm.java:330)
	at com.intellij.util.Alarm$Request$1.run(Alarm.java:371)
	at com.intellij.util.Alarm$Request.run(Alarm.java:382)
	at java.util.concurrent.Executors$RunnableAdapter.call(Executors.java:511)
	at java.util.concurrent.FutureTask.run(FutureTask.java:266)
	at com.intellij.util.concurrency.SchedulingWrapper$MyScheduledFutureTask.run(SchedulingWrapper.java:228)
	at com.intellij.util.concurrency.BoundedTaskExecutor.doRun(BoundedTaskExecutor.java:226)
	at com.intellij.util.concurrency.BoundedTaskExecutor.access$100(BoundedTaskExecutor.java:26)
	at com.intellij.util.concurrency.BoundedTaskExecutor$2$1.run(BoundedTaskExecutor.java:199)
	at com.intellij.util.ConcurrencyUtil.runUnderThreadName(ConcurrencyUtil.java:229)
	at com.intellij.util.concurrency.BoundedTaskExecutor$2.run(BoundedTaskExecutor.java:193)
	at java.util.concurrent.ThreadPoolExecutor.runWorker(ThreadPoolExecutor.java:1142)
	at java.util.concurrent.ThreadPoolExecutor$Worker.run(ThreadPoolExecutor.java:617)
	at java.lang.Thread.run(Thread.java:745)
[2018.09.21 13:56:31] (Coverage): Failed to load coverage data from file: C:\Users\Administrator\.IntelliJIdea2018.2\system\coverage\visa_equity$ApplicationMain.ic
java.io.EOFException
	at java.io.DataInputStream.readUnsignedByte(DataInputStream.java:290)
	at com.intellij.rt.coverage.util.CoverageIOUtil.readINT(CoverageIOUtil.java:135)
	at com.intellij.rt.coverage.util.ProjectDataLoader.load(ProjectDataLoader.java:38)
	at com.intellij.coverage.IDEACoverageRunner.loadCoverageData(IDEACoverageRunner.java:26)
	at com.intellij.coverage.BaseCoverageSuite.loadProjectInfo(BaseCoverageSuite.java:245)
	at com.intellij.coverage.JavaCoverageSuite.getCoverageData(JavaCoverageSuite.java:177)
	at com.intellij.coverage.CoverageSuitesBundle.getCoverageData(CoverageSuitesBundle.java:95)
	at com.intellij.coverage.SrcFileAnnotator.showCoverageInformation(SrcFileAnnotator.java:289)
	at com.intellij.coverage.CoverageDataManagerImpl$CoverageEditorFactoryListener.lambda$editorCreated$1(CoverageDataManagerImpl.java:707)
	at com.intellij.util.concurrency.QueueProcessor.runSafely(QueueProcessor.java:232)
	at com.intellij.util.Alarm$Request.runSafely(Alarm.java:405)
	at com.intellij.util.Alarm$Request.access$700(Alarm.java:330)
	at com.intellij.util.Alarm$Request$1.run(Alarm.java:371)
	at com.intellij.util.Alarm$Request.run(Alarm.java:382)
	at java.util.concurrent.Executors$RunnableAdapter.call(Executors.java:511)
	at java.util.concurrent.FutureTask.run(FutureTask.java:266)
	at com.intellij.util.concurrency.SchedulingWrapper$MyScheduledFutureTask.run(SchedulingWrapper.java:228)
	at com.intellij.util.concurrency.BoundedTaskExecutor.doRun(BoundedTaskExecutor.java:226)
	at com.intellij.util.concurrency.BoundedTaskExecutor.access$100(BoundedTaskExecutor.java:26)
	at com.intellij.util.concurrency.BoundedTaskExecutor$2$1.run(BoundedTaskExecutor.java:199)
	at com.intellij.util.ConcurrencyUtil.runUnderThreadName(ConcurrencyUtil.java:229)
	at com.intellij.util.concurrency.BoundedTaskExecutor$2.run(BoundedTaskExecutor.java:193)
	at java.util.concurrent.ThreadPoolExecutor.runWorker(ThreadPoolExecutor.java:1142)
	at java.util.concurrent.ThreadPoolExecutor$Worker.run(ThreadPoolExecutor.java:617)
	at java.lang.Thread.run(Thread.java:745)
[2018.09.21 13:57:23] (Coverage): Failed to load coverage data from file: C:\Users\Administrator\.IntelliJIdea2018.2\system\coverage\visa_equity$ApplicationMain.ic
java.io.EOFException
	at java.io.DataInputStream.readUnsignedByte(DataInputStream.java:290)
	at com.intellij.rt.coverage.util.CoverageIOUtil.readINT(CoverageIOUtil.java:135)
	at com.intellij.rt.coverage.util.ProjectDataLoader.load(ProjectDataLoader.java:38)
	at com.intellij.coverage.IDEACoverageRunner.loadCoverageData(IDEACoverageRunner.java:26)
	at com.intellij.coverage.BaseCoverageSuite.loadProjectInfo(BaseCoverageSuite.java:245)
	at com.intellij.coverage.JavaCoverageSuite.getCoverageData(JavaCoverageSuite.java:177)
	at com.intellij.coverage.CoverageSuitesBundle.getCoverageData(CoverageSuitesBundle.java:95)
	at com.intellij.coverage.SrcFileAnnotator.showCoverageInformation(SrcFileAnnotator.java:289)
	at com.intellij.coverage.CoverageDataManagerImpl$CoverageEditorFactoryListener.lambda$editorCreated$1(CoverageDataManagerImpl.java:707)
	at com.intellij.util.concurrency.QueueProcessor.runSafely(QueueProcessor.java:232)
	at com.intellij.util.Alarm$Request.runSafely(Alarm.java:405)
	at com.intellij.util.Alarm$Request.access$700(Alarm.java:330)
	at com.intellij.util.Alarm$Request$1.run(Alarm.java:371)
	at com.intellij.util.Alarm$Request.run(Alarm.java:382)
	at java.util.concurrent.Executors$RunnableAdapter.call(Executors.java:511)
	at java.util.concurrent.FutureTask.run(FutureTask.java:266)
	at com.intellij.util.concurrency.SchedulingWrapper$MyScheduledFutureTask.run(SchedulingWrapper.java:228)
	at com.intellij.util.concurrency.BoundedTaskExecutor.doRun(BoundedTaskExecutor.java:226)
	at com.intellij.util.concurrency.BoundedTaskExecutor.access$100(BoundedTaskExecutor.java:26)
	at com.intellij.util.concurrency.BoundedTaskExecutor$2$1.run(BoundedTaskExecutor.java:199)
	at com.intellij.util.ConcurrencyUtil.runUnderThreadName(ConcurrencyUtil.java:229)
	at com.intellij.util.concurrency.BoundedTaskExecutor$2.run(BoundedTaskExecutor.java:193)
	at java.util.concurrent.ThreadPoolExecutor.runWorker(ThreadPoolExecutor.java:1142)
	at java.util.concurrent.ThreadPoolExecutor$Worker.run(ThreadPoolExecutor.java:617)
	at java.lang.Thread.run(Thread.java:745)
[2018.09.27 09:37:34] (Coverage): Failed to load coverage data from file: C:\Users\Administrator\.IntelliJIdea2018.2\system\coverage\visa_ftmt_appliction$Application.ic
java.io.EOFException
	at java.io.DataInputStream.readUnsignedByte(DataInputStream.java:290)
	at com.intellij.rt.coverage.util.CoverageIOUtil.readINT(CoverageIOUtil.java:135)
	at com.intellij.rt.coverage.util.ProjectDataLoader.load(ProjectDataLoader.java:38)
	at com.intellij.coverage.IDEACoverageRunner.loadCoverageData(IDEACoverageRunner.java:26)
	at com.intellij.coverage.BaseCoverageSuite.loadProjectInfo(BaseCoverageSuite.java:245)
	at com.intellij.coverage.JavaCoverageSuite.getCoverageData(JavaCoverageSuite.java:177)
	at com.intellij.coverage.CoverageSuitesBundle.getCoverageData(CoverageSuitesBundle.java:95)
	at com.intellij.coverage.PackageAnnotator.annotate(PackageAnnotator.java:139)
	at com.intellij.coverage.JavaCoverageAnnotator.lambda$createRenewRequest$1(JavaCoverageAnnotator.java:142)
	at com.intellij.coverage.BaseCoverageAnnotator$1.run(BaseCoverageAnnotator.java:36)
	at com.intellij.openapi.progress.impl.CoreProgressManager$TaskRunnable.run(CoreProgressManager.java:736)
	at com.intellij.openapi.progress.impl.CoreProgressManager.lambda$runProcess$1(CoreProgressManager.java:157)
	at com.intellij.openapi.progress.impl.CoreProgressManager.registerIndicatorAndRun(CoreProgressManager.java:580)
	at com.intellij.openapi.progress.impl.CoreProgressManager.executeProcessUnderProgress(CoreProgressManager.java:525)
	at com.intellij.openapi.progress.impl.ProgressManagerImpl.executeProcessUnderProgress(ProgressManagerImpl.java:85)
	at com.intellij.openapi.progress.impl.CoreProgressManager.runProcess(CoreProgressManager.java:144)
	at com.intellij.openapi.progress.impl.CoreProgressManager$4.run(CoreProgressManager.java:395)
	at com.intellij.openapi.application.impl.ApplicationImpl$1.run(ApplicationImpl.java:314)
	at java.util.concurrent.Executors$RunnableAdapter.call(Executors.java:511)
	at java.util.concurrent.FutureTask.run(FutureTask.java:266)
	at java.util.concurrent.ThreadPoolExecutor.runWorker(ThreadPoolExecutor.java:1142)
	at java.util.concurrent.ThreadPoolExecutor$Worker.run(ThreadPoolExecutor.java:617)
	at java.lang.Thread.run(Thread.java:745)
[2018.09.27 11:34:40] (Coverage): Failed to load coverage data from file: C:\Users\Administrator\.IntelliJIdea2018.2\system\coverage\visa_ftmt_appliction$Application.ic
java.io.EOFException
	at java.io.DataInputStream.readUnsignedByte(DataInputStream.java:290)
	at com.intellij.rt.coverage.util.CoverageIOUtil.readINT(CoverageIOUtil.java:135)
	at com.intellij.rt.coverage.util.ProjectDataLoader.load(ProjectDataLoader.java:38)
	at com.intellij.coverage.IDEACoverageRunner.loadCoverageData(IDEACoverageRunner.java:26)
	at com.intellij.coverage.BaseCoverageSuite.loadProjectInfo(BaseCoverageSuite.java:245)
	at com.intellij.coverage.JavaCoverageSuite.getCoverageData(JavaCoverageSuite.java:177)
	at com.intellij.coverage.CoverageSuitesBundle.getCoverageData(CoverageSuitesBundle.java:95)
	at com.intellij.coverage.SrcFileAnnotator.showCoverageInformation(SrcFileAnnotator.java:289)
	at com.intellij.coverage.CoverageDataManagerImpl$CoverageEditorFactoryListener.lambda$editorCreated$1(CoverageDataManagerImpl.java:707)
	at com.intellij.util.concurrency.QueueProcessor.runSafely(QueueProcessor.java:232)
	at com.intellij.util.Alarm$Request.runSafely(Alarm.java:405)
	at com.intellij.util.Alarm$Request.access$700(Alarm.java:330)
	at com.intellij.util.Alarm$Request$1.run(Alarm.java:371)
	at com.intellij.util.Alarm$Request.run(Alarm.java:382)
	at java.util.concurrent.Executors$RunnableAdapter.call(Executors.java:511)
	at java.util.concurrent.FutureTask.run(FutureTask.java:266)
	at com.intellij.util.concurrency.SchedulingWrapper$MyScheduledFutureTask.run(SchedulingWrapper.java:228)
	at com.intellij.util.concurrency.BoundedTaskExecutor.doRun(BoundedTaskExecutor.java:226)
	at com.intellij.util.concurrency.BoundedTaskExecutor.access$100(BoundedTaskExecutor.java:26)
	at com.intellij.util.concurrency.BoundedTaskExecutor$2$1.run(BoundedTaskExecutor.java:199)
	at com.intellij.util.ConcurrencyUtil.runUnderThreadName(ConcurrencyUtil.java:229)
	at com.intellij.util.concurrency.BoundedTaskExecutor$2.run(BoundedTaskExecutor.java:193)
	at java.util.concurrent.ThreadPoolExecutor.runWorker(ThreadPoolExecutor.java:1142)
	at java.util.concurrent.ThreadPoolExecutor$Worker.run(ThreadPoolExecutor.java:617)
	at java.lang.Thread.run(Thread.java:745)
[2018.09.27 11:40:17] (Coverage): Failed to load coverage data from file: C:\Users\Administrator\.IntelliJIdea2018.2\system\coverage\visa_ftmt_appliction$Application.ic
java.io.EOFException
	at java.io.DataInputStream.readUnsignedByte(DataInputStream.java:290)
	at com.intellij.rt.coverage.util.CoverageIOUtil.readINT(CoverageIOUtil.java:135)
	at com.intellij.rt.coverage.util.ProjectDataLoader.load(ProjectDataLoader.java:38)
	at com.intellij.coverage.IDEACoverageRunner.loadCoverageData(IDEACoverageRunner.java:26)
	at com.intellij.coverage.BaseCoverageSuite.loadProjectInfo(BaseCoverageSuite.java:245)
	at com.intellij.coverage.JavaCoverageSuite.getCoverageData(JavaCoverageSuite.java:177)
	at com.intellij.coverage.CoverageSuitesBundle.getCoverageData(CoverageSuitesBundle.java:95)
	at com.intellij.coverage.SrcFileAnnotator.showCoverageInformation(SrcFileAnnotator.java:289)
	at com.intellij.coverage.CoverageDataManagerImpl$CoverageEditorFactoryListener.lambda$editorCreated$1(CoverageDataManagerImpl.java:707)
	at com.intellij.util.concurrency.QueueProcessor.runSafely(QueueProcessor.java:232)
	at com.intellij.util.Alarm$Request.runSafely(Alarm.java:405)
	at com.intellij.util.Alarm$Request.access$700(Alarm.java:330)
	at com.intellij.util.Alarm$Request$1.run(Alarm.java:371)
	at com.intellij.util.Alarm$Request.run(Alarm.java:382)
	at java.util.concurrent.Executors$RunnableAdapter.call(Executors.java:511)
	at java.util.concurrent.FutureTask.run(FutureTask.java:266)
	at com.intellij.util.concurrency.SchedulingWrapper$MyScheduledFutureTask.run(SchedulingWrapper.java:228)
	at com.intellij.util.concurrency.BoundedTaskExecutor.doRun(BoundedTaskExecutor.java:226)
	at com.intellij.util.concurrency.BoundedTaskExecutor.access$100(BoundedTaskExecutor.java:26)
	at com.intellij.util.concurrency.BoundedTaskExecutor$2$1.run(BoundedTaskExecutor.java:199)
	at com.intellij.util.ConcurrencyUtil.runUnderThreadName(ConcurrencyUtil.java:229)
	at com.intellij.util.concurrency.BoundedTaskExecutor$2.run(BoundedTaskExecutor.java:193)
	at java.util.concurrent.ThreadPoolExecutor.runWorker(ThreadPoolExecutor.java:1142)
	at java.util.concurrent.ThreadPoolExecutor$Worker.run(ThreadPoolExecutor.java:617)
	at java.lang.Thread.run(Thread.java:745)
[2018.09.27 11:50:24] (Coverage): Failed to load coverage data from file: C:\Users\Administrator\.IntelliJIdea2018.2\system\coverage\visa_ftmt_appliction$Application.ic
java.io.EOFException
	at java.io.DataInputStream.readUnsignedByte(DataInputStream.java:290)
	at com.intellij.rt.coverage.util.CoverageIOUtil.readINT(CoverageIOUtil.java:135)
	at com.intellij.rt.coverage.util.ProjectDataLoader.load(ProjectDataLoader.java:38)
	at com.intellij.coverage.IDEACoverageRunner.loadCoverageData(IDEACoverageRunner.java:26)
	at com.intellij.coverage.BaseCoverageSuite.loadProjectInfo(BaseCoverageSuite.java:245)
	at com.intellij.coverage.JavaCoverageSuite.getCoverageData(JavaCoverageSuite.java:177)
	at com.intellij.coverage.CoverageSuitesBundle.getCoverageData(CoverageSuitesBundle.java:95)
	at com.intellij.coverage.SrcFileAnnotator.showCoverageInformation(SrcFileAnnotator.java:289)
	at com.intellij.coverage.CoverageDataManagerImpl$CoverageEditorFactoryListener.lambda$editorCreated$1(CoverageDataManagerImpl.java:707)
	at com.intellij.util.concurrency.QueueProcessor.runSafely(QueueProcessor.java:232)
	at com.intellij.util.Alarm$Request.runSafely(Alarm.java:405)
	at com.intellij.util.Alarm$Request.access$700(Alarm.java:330)
	at com.intellij.util.Alarm$Request$1.run(Alarm.java:371)
	at com.intellij.util.Alarm$Request.run(Alarm.java:382)
	at java.util.concurrent.Executors$RunnableAdapter.call(Executors.java:511)
	at java.util.concurrent.FutureTask.run(FutureTask.java:266)
	at com.intellij.util.concurrency.SchedulingWrapper$MyScheduledFutureTask.run(SchedulingWrapper.java:228)
	at com.intellij.util.concurrency.BoundedTaskExecutor.doRun(BoundedTaskExecutor.java:226)
	at com.intellij.util.concurrency.BoundedTaskExecutor.access$100(BoundedTaskExecutor.java:26)
	at com.intellij.util.concurrency.BoundedTaskExecutor$2$1.run(BoundedTaskExecutor.java:199)
	at com.intellij.util.ConcurrencyUtil.runUnderThreadName(ConcurrencyUtil.java:229)
	at com.intellij.util.concurrency.BoundedTaskExecutor$2.run(BoundedTaskExecutor.java:193)
	at java.util.concurrent.ThreadPoolExecutor.runWorker(ThreadPoolExecutor.java:1142)
	at java.util.concurrent.ThreadPoolExecutor$Worker.run(ThreadPoolExecutor.java:617)
	at java.lang.Thread.run(Thread.java:745)
[2018.09.27 11:53:48] (Coverage): Failed to load coverage data from file: C:\Users\Administrator\.IntelliJIdea2018.2\system\coverage\visa_ftmt_appliction$Application.ic
java.io.EOFException
	at java.io.DataInputStream.readUnsignedByte(DataInputStream.java:290)
	at com.intellij.rt.coverage.util.CoverageIOUtil.readINT(CoverageIOUtil.java:135)
	at com.intellij.rt.coverage.util.ProjectDataLoader.load(ProjectDataLoader.java:38)
	at com.intellij.coverage.IDEACoverageRunner.loadCoverageData(IDEACoverageRunner.java:26)
	at com.intellij.coverage.BaseCoverageSuite.loadProjectInfo(BaseCoverageSuite.java:245)
	at com.intellij.coverage.JavaCoverageSuite.getCoverageData(JavaCoverageSuite.java:177)
	at com.intellij.coverage.CoverageSuitesBundle.getCoverageData(CoverageSuitesBundle.java:95)
	at com.intellij.coverage.SrcFileAnnotator.showCoverageInformation(SrcFileAnnotator.java:289)
	at com.intellij.coverage.CoverageDataManagerImpl$CoverageEditorFactoryListener.lambda$editorCreated$1(CoverageDataManagerImpl.java:707)
	at com.intellij.util.concurrency.QueueProcessor.runSafely(QueueProcessor.java:232)
	at com.intellij.util.Alarm$Request.runSafely(Alarm.java:405)
	at com.intellij.util.Alarm$Request.access$700(Alarm.java:330)
	at com.intellij.util.Alarm$Request$1.run(Alarm.java:371)
	at com.intellij.util.Alarm$Request.run(Alarm.java:382)
	at java.util.concurrent.Executors$RunnableAdapter.call(Executors.java:511)
	at java.util.concurrent.FutureTask.run(FutureTask.java:266)
	at com.intellij.util.concurrency.SchedulingWrapper$MyScheduledFutureTask.run(SchedulingWrapper.java:228)
	at com.intellij.util.concurrency.BoundedTaskExecutor.doRun(BoundedTaskExecutor.java:226)
	at com.intellij.util.concurrency.BoundedTaskExecutor.access$100(BoundedTaskExecutor.java:26)
	at com.intellij.util.concurrency.BoundedTaskExecutor$2$1.run(BoundedTaskExecutor.java:199)
	at com.intellij.util.ConcurrencyUtil.runUnderThreadName(ConcurrencyUtil.java:229)
	at com.intellij.util.concurrency.BoundedTaskExecutor$2.run(BoundedTaskExecutor.java:193)
	at java.util.concurrent.ThreadPoolExecutor.runWorker(ThreadPoolExecutor.java:1142)
	at java.util.concurrent.ThreadPoolExecutor$Worker.run(ThreadPoolExecutor.java:617)
	at java.lang.Thread.run(Thread.java:745)
[2018.09.27 13:44:28] (Coverage): Failed to load coverage data from file: C:\Users\Administrator\.IntelliJIdea2018.2\system\coverage\visa_ftmt_appliction$Application.ic
java.io.EOFException
	at java.io.DataInputStream.readUnsignedByte(DataInputStream.java:290)
	at com.intellij.rt.coverage.util.CoverageIOUtil.readINT(CoverageIOUtil.java:135)
	at com.intellij.rt.coverage.util.ProjectDataLoader.load(ProjectDataLoader.java:38)
	at com.intellij.coverage.IDEACoverageRunner.loadCoverageData(IDEACoverageRunner.java:26)
	at com.intellij.coverage.BaseCoverageSuite.loadProjectInfo(BaseCoverageSuite.java:245)
	at com.intellij.coverage.JavaCoverageSuite.getCoverageData(JavaCoverageSuite.java:177)
	at com.intellij.coverage.CoverageSuitesBundle.getCoverageData(CoverageSuitesBundle.java:95)
	at com.intellij.coverage.SrcFileAnnotator.showCoverageInformation(SrcFileAnnotator.java:289)
	at com.intellij.coverage.CoverageDataManagerImpl$CoverageEditorFactoryListener.lambda$editorCreated$1(CoverageDataManagerImpl.java:707)
	at com.intellij.util.concurrency.QueueProcessor.runSafely(QueueProcessor.java:232)
	at com.intellij.util.Alarm$Request.runSafely(Alarm.java:405)
	at com.intellij.util.Alarm$Request.access$700(Alarm.java:330)
	at com.intellij.util.Alarm$Request$1.run(Alarm.java:371)
	at com.intellij.util.Alarm$Request.run(Alarm.java:382)
	at java.util.concurrent.Executors$RunnableAdapter.call(Executors.java:511)
	at java.util.concurrent.FutureTask.run(FutureTask.java:266)
	at com.intellij.util.concurrency.SchedulingWrapper$MyScheduledFutureTask.run(SchedulingWrapper.java:228)
	at com.intellij.util.concurrency.BoundedTaskExecutor.doRun(BoundedTaskExecutor.java:226)
	at com.intellij.util.concurrency.BoundedTaskExecutor.access$100(BoundedTaskExecutor.java:26)
	at com.intellij.util.concurrency.BoundedTaskExecutor$2$1.run(BoundedTaskExecutor.java:199)
	at com.intellij.util.ConcurrencyUtil.runUnderThreadName(ConcurrencyUtil.java:229)
	at com.intellij.util.concurrency.BoundedTaskExecutor$2.run(BoundedTaskExecutor.java:193)
	at java.util.concurrent.ThreadPoolExecutor.runWorker(ThreadPoolExecutor.java:1142)
	at java.util.concurrent.ThreadPoolExecutor$Worker.run(ThreadPoolExecutor.java:617)
	at java.lang.Thread.run(Thread.java:745)
[2018.09.27 14:42:33] (Coverage): Failed to load coverage data from file: C:\Users\Administrator\.IntelliJIdea2018.2\system\coverage\visa_ftmt_appliction$Application.ic
java.io.EOFException
	at java.io.DataInputStream.readUnsignedByte(DataInputStream.java:290)
	at com.intellij.rt.coverage.util.CoverageIOUtil.readINT(CoverageIOUtil.java:135)
	at com.intellij.rt.coverage.util.ProjectDataLoader.load(ProjectDataLoader.java:38)
	at com.intellij.coverage.IDEACoverageRunner.loadCoverageData(IDEACoverageRunner.java:26)
	at com.intellij.coverage.BaseCoverageSuite.loadProjectInfo(BaseCoverageSuite.java:245)
	at com.intellij.coverage.JavaCoverageSuite.getCoverageData(JavaCoverageSuite.java:177)
	at com.intellij.coverage.CoverageSuitesBundle.getCoverageData(CoverageSuitesBundle.java:95)
	at com.intellij.coverage.SrcFileAnnotator.showCoverageInformation(SrcFileAnnotator.java:289)
	at com.intellij.coverage.CoverageDataManagerImpl$CoverageEditorFactoryListener.lambda$editorCreated$1(CoverageDataManagerImpl.java:707)
	at com.intellij.util.concurrency.QueueProcessor.runSafely(QueueProcessor.java:232)
	at com.intellij.util.Alarm$Request.runSafely(Alarm.java:405)
	at com.intellij.util.Alarm$Request.access$700(Alarm.java:330)
	at com.intellij.util.Alarm$Request$1.run(Alarm.java:371)
	at com.intellij.util.Alarm$Request.run(Alarm.java:382)
	at java.util.concurrent.Executors$RunnableAdapter.call(Executors.java:511)
	at java.util.concurrent.FutureTask.run(FutureTask.java:266)
	at com.intellij.util.concurrency.SchedulingWrapper$MyScheduledFutureTask.run(SchedulingWrapper.java:228)
	at com.intellij.util.concurrency.BoundedTaskExecutor.doRun(BoundedTaskExecutor.java:226)
	at com.intellij.util.concurrency.BoundedTaskExecutor.access$100(BoundedTaskExecutor.java:26)
	at com.intellij.util.concurrency.BoundedTaskExecutor$2$1.run(BoundedTaskExecutor.java:199)
	at com.intellij.util.ConcurrencyUtil.runUnderThreadName(ConcurrencyUtil.java:229)
	at com.intellij.util.concurrency.BoundedTaskExecutor$2.run(BoundedTaskExecutor.java:193)
	at java.util.concurrent.ThreadPoolExecutor.runWorker(ThreadPoolExecutor.java:1142)
	at java.util.concurrent.ThreadPoolExecutor$Worker.run(ThreadPoolExecutor.java:617)
	at java.lang.Thread.run(Thread.java:745)
[2018.09.27 15:56:27] (Coverage): Failed to load coverage data from file: C:\Users\Administrator\.IntelliJIdea2018.2\system\coverage\visa_ftmt_appliction$Application.ic
java.io.EOFException
	at java.io.DataInputStream.readUnsignedByte(DataInputStream.java:290)
	at com.intellij.rt.coverage.util.CoverageIOUtil.readINT(CoverageIOUtil.java:135)
	at com.intellij.rt.coverage.util.ProjectDataLoader.load(ProjectDataLoader.java:38)
	at com.intellij.coverage.IDEACoverageRunner.loadCoverageData(IDEACoverageRunner.java:26)
	at com.intellij.coverage.BaseCoverageSuite.loadProjectInfo(BaseCoverageSuite.java:245)
	at com.intellij.coverage.JavaCoverageSuite.getCoverageData(JavaCoverageSuite.java:177)
	at com.intellij.coverage.CoverageSuitesBundle.getCoverageData(CoverageSuitesBundle.java:95)
	at com.intellij.coverage.SrcFileAnnotator.showCoverageInformation(SrcFileAnnotator.java:289)
	at com.intellij.coverage.CoverageDataManagerImpl$CoverageEditorFactoryListener.lambda$editorCreated$1(CoverageDataManagerImpl.java:707)
	at com.intellij.util.concurrency.QueueProcessor.runSafely(QueueProcessor.java:232)
	at com.intellij.util.Alarm$Request.runSafely(Alarm.java:405)
	at com.intellij.util.Alarm$Request.access$700(Alarm.java:330)
	at com.intellij.util.Alarm$Request$1.run(Alarm.java:371)
	at com.intellij.util.Alarm$Request.run(Alarm.java:382)
	at java.util.concurrent.Executors$RunnableAdapter.call(Executors.java:511)
	at java.util.concurrent.FutureTask.run(FutureTask.java:266)
	at com.intellij.util.concurrency.SchedulingWrapper$MyScheduledFutureTask.run(SchedulingWrapper.java:228)
	at com.intellij.util.concurrency.BoundedTaskExecutor.doRun(BoundedTaskExecutor.java:226)
	at com.intellij.util.concurrency.BoundedTaskExecutor.access$100(BoundedTaskExecutor.java:26)
	at com.intellij.util.concurrency.BoundedTaskExecutor$2$1.run(BoundedTaskExecutor.java:199)
	at com.intellij.util.ConcurrencyUtil.runUnderThreadName(ConcurrencyUtil.java:229)
	at com.intellij.util.concurrency.BoundedTaskExecutor$2.run(BoundedTaskExecutor.java:193)
	at java.util.concurrent.ThreadPoolExecutor.runWorker(ThreadPoolExecutor.java:1142)
	at java.util.concurrent.ThreadPoolExecutor$Worker.run(ThreadPoolExecutor.java:617)
	at java.lang.Thread.run(Thread.java:745)
[2018.09.28 17:18:40] (Coverage): Failed to load coverage data from file: C:\Users\Administrator\.IntelliJIdea2018.2\system\coverage\visa_user$ApplicationUser.ic
java.io.EOFException
	at java.io.DataInputStream.readUnsignedByte(DataInputStream.java:290)
	at com.intellij.rt.coverage.util.CoverageIOUtil.readINT(CoverageIOUtil.java:135)
	at com.intellij.rt.coverage.util.ProjectDataLoader.load(ProjectDataLoader.java:38)
	at com.intellij.coverage.IDEACoverageRunner.loadCoverageData(IDEACoverageRunner.java:26)
	at com.intellij.coverage.BaseCoverageSuite.loadProjectInfo(BaseCoverageSuite.java:245)
	at com.intellij.coverage.JavaCoverageSuite.getCoverageData(JavaCoverageSuite.java:177)
	at com.intellij.coverage.CoverageSuitesBundle.getCoverageData(CoverageSuitesBundle.java:95)
	at com.intellij.coverage.PackageAnnotator.annotate(PackageAnnotator.java:139)
	at com.intellij.coverage.JavaCoverageAnnotator.lambda$createRenewRequest$1(JavaCoverageAnnotator.java:142)
	at com.intellij.coverage.BaseCoverageAnnotator$1.run(BaseCoverageAnnotator.java:36)
	at com.intellij.openapi.progress.impl.CoreProgressManager$TaskRunnable.run(CoreProgressManager.java:736)
	at com.intellij.openapi.progress.impl.CoreProgressManager.lambda$runProcess$1(CoreProgressManager.java:157)
	at com.intellij.openapi.progress.impl.CoreProgressManager.registerIndicatorAndRun(CoreProgressManager.java:580)
	at com.intellij.openapi.progress.impl.CoreProgressManager.executeProcessUnderProgress(CoreProgressManager.java:525)
	at com.intellij.openapi.progress.impl.ProgressManagerImpl.executeProcessUnderProgress(ProgressManagerImpl.java:85)
	at com.intellij.openapi.progress.impl.CoreProgressManager.runProcess(CoreProgressManager.java:144)
	at com.intellij.openapi.progress.impl.CoreProgressManager$4.run(CoreProgressManager.java:395)
	at com.intellij.openapi.application.impl.ApplicationImpl$1.run(ApplicationImpl.java:314)
	at java.util.concurrent.Executors$RunnableAdapter.call(Executors.java:511)
	at java.util.concurrent.FutureTask.run(FutureTask.java:266)
	at java.util.concurrent.ThreadPoolExecutor.runWorker(ThreadPoolExecutor.java:1142)
	at java.util.concurrent.ThreadPoolExecutor$Worker.run(ThreadPoolExecutor.java:617)
	at java.lang.Thread.run(Thread.java:745)
[2018.09.29 17:05:50] (Coverage): Failed to load coverage data from file: C:\Users\Administrator\.IntelliJIdea2018.2\system\coverage\visa_equity$ApplicationMain.ic
java.io.EOFException
	at java.io.DataInputStream.readUnsignedByte(DataInputStream.java:290)
	at com.intellij.rt.coverage.util.CoverageIOUtil.readINT(CoverageIOUtil.java:135)
	at com.intellij.rt.coverage.util.ProjectDataLoader.load(ProjectDataLoader.java:38)
	at com.intellij.coverage.IDEACoverageRunner.loadCoverageData(IDEACoverageRunner.java:26)
	at com.intellij.coverage.BaseCoverageSuite.loadProjectInfo(BaseCoverageSuite.java:245)
	at com.intellij.coverage.JavaCoverageSuite.getCoverageData(JavaCoverageSuite.java:177)
	at com.intellij.coverage.CoverageSuitesBundle.getCoverageData(CoverageSuitesBundle.java:95)
	at com.intellij.coverage.PackageAnnotator.annotate(PackageAnnotator.java:139)
	at com.intellij.coverage.JavaCoverageAnnotator.lambda$createRenewRequest$1(JavaCoverageAnnotator.java:142)
	at com.intellij.coverage.BaseCoverageAnnotator$1.run(BaseCoverageAnnotator.java:36)
	at com.intellij.openapi.progress.impl.CoreProgressManager$TaskRunnable.run(CoreProgressManager.java:736)
	at com.intellij.openapi.progress.impl.CoreProgressManager.lambda$runProcess$1(CoreProgressManager.java:157)
	at com.intellij.openapi.progress.impl.CoreProgressManager.registerIndicatorAndRun(CoreProgressManager.java:580)
	at com.intellij.openapi.progress.impl.CoreProgressManager.executeProcessUnderProgress(CoreProgressManager.java:525)
	at com.intellij.openapi.progress.impl.ProgressManagerImpl.executeProcessUnderProgress(ProgressManagerImpl.java:85)
	at com.intellij.openapi.progress.impl.CoreProgressManager.runProcess(CoreProgressManager.java:144)
	at com.intellij.openapi.progress.impl.CoreProgressManager$4.run(CoreProgressManager.java:395)
	at com.intellij.openapi.application.impl.ApplicationImpl$1.run(ApplicationImpl.java:314)
	at java.util.concurrent.Executors$RunnableAdapter.call(Executors.java:511)
	at java.util.concurrent.FutureTask.run(FutureTask.java:266)
	at java.util.concurrent.ThreadPoolExecutor.runWorker(ThreadPoolExecutor.java:1142)
	at java.util.concurrent.ThreadPoolExecutor$Worker.run(ThreadPoolExecutor.java:617)
	at java.lang.Thread.run(Thread.java:745)
[2018.10.08 10:18:06] (Coverage): Failed to load coverage data from file: C:\Users\Administrator\.IntelliJIdea2018.2\system\coverage\visa_mgmt_appliction$Application.ic
java.io.EOFException
	at java.io.DataInputStream.readUnsignedByte(DataInputStream.java:290)
	at com.intellij.rt.coverage.util.CoverageIOUtil.readINT(CoverageIOUtil.java:135)
	at com.intellij.rt.coverage.util.ProjectDataLoader.load(ProjectDataLoader.java:38)
	at com.intellij.coverage.IDEACoverageRunner.loadCoverageData(IDEACoverageRunner.java:26)
	at com.intellij.coverage.BaseCoverageSuite.loadProjectInfo(BaseCoverageSuite.java:245)
	at com.intellij.coverage.JavaCoverageSuite.getCoverageData(JavaCoverageSuite.java:177)
	at com.intellij.coverage.CoverageSuitesBundle.getCoverageData(CoverageSuitesBundle.java:95)
	at com.intellij.coverage.PackageAnnotator.annotate(PackageAnnotator.java:139)
	at com.intellij.coverage.JavaCoverageAnnotator.lambda$createRenewRequest$1(JavaCoverageAnnotator.java:142)
	at com.intellij.coverage.BaseCoverageAnnotator$1.run(BaseCoverageAnnotator.java:36)
	at com.intellij.openapi.progress.impl.CoreProgressManager$TaskRunnable.run(CoreProgressManager.java:736)
	at com.intellij.openapi.progress.impl.CoreProgressManager.lambda$runProcess$1(CoreProgressManager.java:157)
	at com.intellij.openapi.progress.impl.CoreProgressManager.registerIndicatorAndRun(CoreProgressManager.java:580)
	at com.intellij.openapi.progress.impl.CoreProgressManager.executeProcessUnderProgress(CoreProgressManager.java:525)
	at com.intellij.openapi.progress.impl.ProgressManagerImpl.executeProcessUnderProgress(ProgressManagerImpl.java:85)
	at com.intellij.openapi.progress.impl.CoreProgressManager.runProcess(CoreProgressManager.java:144)
	at com.intellij.openapi.progress.impl.CoreProgressManager$4.run(CoreProgressManager.java:395)
	at com.intellij.openapi.application.impl.ApplicationImpl$1.run(ApplicationImpl.java:314)
	at java.util.concurrent.Executors$RunnableAdapter.call(Executors.java:511)
	at java.util.concurrent.FutureTask.run(FutureTask.java:266)
	at java.util.concurrent.ThreadPoolExecutor.runWorker(ThreadPoolExecutor.java:1142)
	at java.util.concurrent.ThreadPoolExecutor$Worker.run(ThreadPoolExecutor.java:617)
	at java.lang.Thread.run(Thread.java:745)
[2018.10.08 10:48:53] (Coverage): Failed to load coverage data from file: C:\Users\Administrator\.IntelliJIdea2018.2\system\coverage\visa_mgmt_appliction$Application.ic
java.io.EOFException
	at java.io.DataInputStream.readUnsignedByte(DataInputStream.java:290)
	at com.intellij.rt.coverage.util.CoverageIOUtil.readINT(CoverageIOUtil.java:135)
	at com.intellij.rt.coverage.util.ProjectDataLoader.load(ProjectDataLoader.java:38)
	at com.intellij.coverage.IDEACoverageRunner.loadCoverageData(IDEACoverageRunner.java:26)
	at com.intellij.coverage.BaseCoverageSuite.loadProjectInfo(BaseCoverageSuite.java:245)
	at com.intellij.coverage.JavaCoverageSuite.getCoverageData(JavaCoverageSuite.java:177)
	at com.intellij.coverage.CoverageSuitesBundle.getCoverageData(CoverageSuitesBundle.java:95)
	at com.intellij.coverage.SrcFileAnnotator.showCoverageInformation(SrcFileAnnotator.java:289)
	at com.intellij.coverage.CoverageDataManagerImpl$CoverageEditorFactoryListener.lambda$editorCreated$1(CoverageDataManagerImpl.java:707)
	at com.intellij.util.concurrency.QueueProcessor.runSafely(QueueProcessor.java:232)
	at com.intellij.util.Alarm$Request.runSafely(Alarm.java:405)
	at com.intellij.util.Alarm$Request.access$700(Alarm.java:330)
	at com.intellij.util.Alarm$Request$1.run(Alarm.java:371)
	at com.intellij.util.Alarm$Request.run(Alarm.java:382)
	at java.util.concurrent.Executors$RunnableAdapter.call(Executors.java:511)
	at java.util.concurrent.FutureTask.run(FutureTask.java:266)
	at com.intellij.util.concurrency.SchedulingWrapper$MyScheduledFutureTask.run(SchedulingWrapper.java:228)
	at com.intellij.util.concurrency.BoundedTaskExecutor.doRun(BoundedTaskExecutor.java:226)
	at com.intellij.util.concurrency.BoundedTaskExecutor.access$100(BoundedTaskExecutor.java:26)
	at com.intellij.util.concurrency.BoundedTaskExecutor$2$1.run(BoundedTaskExecutor.java:199)
	at com.intellij.util.ConcurrencyUtil.runUnderThreadName(ConcurrencyUtil.java:229)
	at com.intellij.util.concurrency.BoundedTaskExecutor$2.run(BoundedTaskExecutor.java:193)
	at java.util.concurrent.ThreadPoolExecutor.runWorker(ThreadPoolExecutor.java:1142)
	at java.util.concurrent.ThreadPoolExecutor$Worker.run(ThreadPoolExecutor.java:617)
	at java.lang.Thread.run(Thread.java:745)
[2018.10.08 11:08:15] (Coverage): Failed to load coverage data from file: C:\Users\Administrator\.IntelliJIdea2018.2\system\coverage\visa_mgmt_appliction$Application.ic
java.io.EOFException
	at java.io.DataInputStream.readUnsignedByte(DataInputStream.java:290)
	at com.intellij.rt.coverage.util.CoverageIOUtil.readINT(CoverageIOUtil.java:135)
	at com.intellij.rt.coverage.util.ProjectDataLoader.load(ProjectDataLoader.java:38)
	at com.intellij.coverage.IDEACoverageRunner.loadCoverageData(IDEACoverageRunner.java:26)
	at com.intellij.coverage.BaseCoverageSuite.loadProjectInfo(BaseCoverageSuite.java:245)
	at com.intellij.coverage.JavaCoverageSuite.getCoverageData(JavaCoverageSuite.java:177)
	at com.intellij.coverage.CoverageSuitesBundle.getCoverageData(CoverageSuitesBundle.java:95)
	at com.intellij.coverage.SrcFileAnnotator.showCoverageInformation(SrcFileAnnotator.java:289)
	at com.intellij.coverage.CoverageDataManagerImpl$CoverageEditorFactoryListener.lambda$editorCreated$1(CoverageDataManagerImpl.java:707)
	at com.intellij.util.concurrency.QueueProcessor.runSafely(QueueProcessor.java:232)
	at com.intellij.util.Alarm$Request.runSafely(Alarm.java:405)
	at com.intellij.util.Alarm$Request.access$700(Alarm.java:330)
	at com.intellij.util.Alarm$Request$1.run(Alarm.java:371)
	at com.intellij.util.Alarm$Request.run(Alarm.java:382)
	at java.util.concurrent.Executors$RunnableAdapter.call(Executors.java:511)
	at java.util.concurrent.FutureTask.run(FutureTask.java:266)
	at com.intellij.util.concurrency.SchedulingWrapper$MyScheduledFutureTask.run(SchedulingWrapper.java:228)
	at com.intellij.util.concurrency.BoundedTaskExecutor.doRun(BoundedTaskExecutor.java:226)
	at com.intellij.util.concurrency.BoundedTaskExecutor.access$100(BoundedTaskExecutor.java:26)
	at com.intellij.util.concurrency.BoundedTaskExecutor$2$1.run(BoundedTaskExecutor.java:199)
	at com.intellij.util.ConcurrencyUtil.runUnderThreadName(ConcurrencyUtil.java:229)
	at com.intellij.util.concurrency.BoundedTaskExecutor$2.run(BoundedTaskExecutor.java:193)
	at java.util.concurrent.ThreadPoolExecutor.runWorker(ThreadPoolExecutor.java:1142)
	at java.util.concurrent.ThreadPoolExecutor$Worker.run(ThreadPoolExecutor.java:617)
	at java.lang.Thread.run(Thread.java:745)
[2018.10.22 10:01:51] (Coverage): Failed to load coverage data from file: C:\Users\Administrator\.IntelliJIdea2018.2\system\coverage\visa_mgmt_appliction$Application.ic
java.io.EOFException
	at java.io.DataInputStream.readUnsignedByte(DataInputStream.java:290)
	at com.intellij.rt.coverage.util.CoverageIOUtil.readINT(CoverageIOUtil.java:135)
	at com.intellij.rt.coverage.util.ProjectDataLoader.load(ProjectDataLoader.java:38)
	at com.intellij.coverage.IDEACoverageRunner.loadCoverageData(IDEACoverageRunner.java:26)
	at com.intellij.coverage.BaseCoverageSuite.loadProjectInfo(BaseCoverageSuite.java:245)
	at com.intellij.coverage.JavaCoverageSuite.getCoverageData(JavaCoverageSuite.java:177)
	at com.intellij.coverage.CoverageSuitesBundle.getCoverageData(CoverageSuitesBundle.java:95)
	at com.intellij.coverage.PackageAnnotator.annotate(PackageAnnotator.java:139)
	at com.intellij.coverage.JavaCoverageAnnotator.lambda$createRenewRequest$1(JavaCoverageAnnotator.java:142)
	at com.intellij.coverage.BaseCoverageAnnotator$1.run(BaseCoverageAnnotator.java:36)
	at com.intellij.openapi.progress.impl.CoreProgressManager$TaskRunnable.run(CoreProgressManager.java:736)
	at com.intellij.openapi.progress.impl.CoreProgressManager.lambda$runProcess$1(CoreProgressManager.java:157)
	at com.intellij.openapi.progress.impl.CoreProgressManager.registerIndicatorAndRun(CoreProgressManager.java:580)
	at com.intellij.openapi.progress.impl.CoreProgressManager.executeProcessUnderProgress(CoreProgressManager.java:525)
	at com.intellij.openapi.progress.impl.ProgressManagerImpl.executeProcessUnderProgress(ProgressManagerImpl.java:85)
	at com.intellij.openapi.progress.impl.CoreProgressManager.runProcess(CoreProgressManager.java:144)
	at com.intellij.openapi.progress.impl.CoreProgressManager$4.run(CoreProgressManager.java:395)
	at com.intellij.openapi.application.impl.ApplicationImpl$1.run(ApplicationImpl.java:314)
	at java.util.concurrent.Executors$RunnableAdapter.call(Executors.java:511)
	at java.util.concurrent.FutureTask.run(FutureTask.java:266)
	at java.util.concurrent.ThreadPoolExecutor.runWorker(ThreadPoolExecutor.java:1142)
	at java.util.concurrent.ThreadPoolExecutor$Worker.run(ThreadPoolExecutor.java:617)
	at java.lang.Thread.run(Thread.java:745)
[2018.10.22 10:17:46] (Coverage): Failed to load coverage data from file: C:\Users\Administrator\.IntelliJIdea2018.2\system\coverage\visa_mgmt_appliction$Application.ic
java.io.EOFException
	at java.io.DataInputStream.readUnsignedByte(DataInputStream.java:290)
	at com.intellij.rt.coverage.util.CoverageIOUtil.readINT(CoverageIOUtil.java:135)
	at com.intellij.rt.coverage.util.ProjectDataLoader.load(ProjectDataLoader.java:38)
	at com.intellij.coverage.IDEACoverageRunner.loadCoverageData(IDEACoverageRunner.java:26)
	at com.intellij.coverage.BaseCoverageSuite.loadProjectInfo(BaseCoverageSuite.java:245)
	at com.intellij.coverage.JavaCoverageSuite.getCoverageData(JavaCoverageSuite.java:177)
	at com.intellij.coverage.CoverageSuitesBundle.getCoverageData(CoverageSuitesBundle.java:95)
	at com.intellij.coverage.SrcFileAnnotator.showCoverageInformation(SrcFileAnnotator.java:289)
	at com.intellij.coverage.CoverageDataManagerImpl$CoverageEditorFactoryListener.lambda$editorCreated$1(CoverageDataManagerImpl.java:707)
	at com.intellij.util.concurrency.QueueProcessor.runSafely(QueueProcessor.java:232)
	at com.intellij.util.Alarm$Request.runSafely(Alarm.java:405)
	at com.intellij.util.Alarm$Request.access$700(Alarm.java:330)
	at com.intellij.util.Alarm$Request$1.run(Alarm.java:371)
	at com.intellij.util.Alarm$Request.run(Alarm.java:382)
	at java.util.concurrent.Executors$RunnableAdapter.call(Executors.java:511)
	at java.util.concurrent.FutureTask.run(FutureTask.java:266)
	at com.intellij.util.concurrency.SchedulingWrapper$MyScheduledFutureTask.run(SchedulingWrapper.java:228)
	at com.intellij.util.concurrency.BoundedTaskExecutor.doRun(BoundedTaskExecutor.java:226)
	at com.intellij.util.concurrency.BoundedTaskExecutor.access$100(BoundedTaskExecutor.java:26)
	at com.intellij.util.concurrency.BoundedTaskExecutor$2$1.run(BoundedTaskExecutor.java:199)
	at com.intellij.util.ConcurrencyUtil.runUnderThreadName(ConcurrencyUtil.java:229)
	at com.intellij.util.concurrency.BoundedTaskExecutor$2.run(BoundedTaskExecutor.java:193)
	at java.util.concurrent.ThreadPoolExecutor.runWorker(ThreadPoolExecutor.java:1142)
	at java.util.concurrent.ThreadPoolExecutor$Worker.run(ThreadPoolExecutor.java:617)
	at java.lang.Thread.run(Thread.java:745)
[2018.10.25 20:08:06] (Coverage): Failed to load coverage data from file: C:\Users\Administrator\.IntelliJIdea2018.2\system\coverage\visa_equity$ApplicationMain.ic
java.io.EOFException
	at java.io.DataInputStream.readUnsignedByte(DataInputStream.java:290)
	at com.intellij.rt.coverage.util.CoverageIOUtil.readINT(CoverageIOUtil.java:135)
	at com.intellij.rt.coverage.util.ProjectDataLoader.load(ProjectDataLoader.java:38)
	at com.intellij.coverage.IDEACoverageRunner.loadCoverageData(IDEACoverageRunner.java:26)
	at com.intellij.coverage.BaseCoverageSuite.loadProjectInfo(BaseCoverageSuite.java:245)
	at com.intellij.coverage.JavaCoverageSuite.getCoverageData(JavaCoverageSuite.java:177)
	at com.intellij.coverage.CoverageSuitesBundle.getCoverageData(CoverageSuitesBundle.java:95)
	at com.intellij.coverage.PackageAnnotator.annotate(PackageAnnotator.java:139)
	at com.intellij.coverage.JavaCoverageAnnotator.lambda$createRenewRequest$1(JavaCoverageAnnotator.java:142)
	at com.intellij.coverage.BaseCoverageAnnotator$1.run(BaseCoverageAnnotator.java:36)
	at com.intellij.openapi.progress.impl.CoreProgressManager$TaskRunnable.run(CoreProgressManager.java:736)
	at com.intellij.openapi.progress.impl.CoreProgressManager.lambda$runProcess$1(CoreProgressManager.java:157)
	at com.intellij.openapi.progress.impl.CoreProgressManager.registerIndicatorAndRun(CoreProgressManager.java:580)
	at com.intellij.openapi.progress.impl.CoreProgressManager.executeProcessUnderProgress(CoreProgressManager.java:525)
	at com.intellij.openapi.progress.impl.ProgressManagerImpl.executeProcessUnderProgress(ProgressManagerImpl.java:85)
	at com.intellij.openapi.progress.impl.CoreProgressManager.runProcess(CoreProgressManager.java:144)
	at com.intellij.openapi.progress.impl.CoreProgressManager$4.run(CoreProgressManager.java:395)
	at com.intellij.openapi.application.impl.ApplicationImpl$1.run(ApplicationImpl.java:314)
	at java.util.concurrent.Executors$RunnableAdapter.call(Executors.java:511)
	at java.util.concurrent.FutureTask.run(FutureTask.java:266)
	at java.util.concurrent.ThreadPoolExecutor.runWorker(ThreadPoolExecutor.java:1142)
	at java.util.concurrent.ThreadPoolExecutor$Worker.run(ThreadPoolExecutor.java:617)
	at java.lang.Thread.run(Thread.java:745)
[2018.10.25 20:35:36] (Coverage): Failed to load coverage data from file: C:\Users\Administrator\.IntelliJIdea2018.2\system\coverage\visa_equity$ApplicationMain.ic
java.io.EOFException
	at java.io.DataInputStream.readUnsignedByte(DataInputStream.java:290)
	at com.intellij.rt.coverage.util.CoverageIOUtil.readINT(CoverageIOUtil.java:135)
	at com.intellij.rt.coverage.util.ProjectDataLoader.load(ProjectDataLoader.java:38)
	at com.intellij.coverage.IDEACoverageRunner.loadCoverageData(IDEACoverageRunner.java:26)
	at com.intellij.coverage.BaseCoverageSuite.loadProjectInfo(BaseCoverageSuite.java:245)
	at com.intellij.coverage.JavaCoverageSuite.getCoverageData(JavaCoverageSuite.java:177)
	at com.intellij.coverage.CoverageSuitesBundle.getCoverageData(CoverageSuitesBundle.java:95)
	at com.intellij.coverage.SrcFileAnnotator.showCoverageInformation(SrcFileAnnotator.java:289)
	at com.intellij.coverage.CoverageDataManagerImpl$CoverageEditorFactoryListener.lambda$editorCreated$1(CoverageDataManagerImpl.java:707)
	at com.intellij.util.concurrency.QueueProcessor.runSafely(QueueProcessor.java:232)
	at com.intellij.util.Alarm$Request.runSafely(Alarm.java:405)
	at com.intellij.util.Alarm$Request.access$700(Alarm.java:330)
	at com.intellij.util.Alarm$Request$1.run(Alarm.java:371)
	at com.intellij.util.Alarm$Request.run(Alarm.java:382)
	at java.util.concurrent.Executors$RunnableAdapter.call(Executors.java:511)
	at java.util.concurrent.FutureTask.run(FutureTask.java:266)
	at com.intellij.util.concurrency.SchedulingWrapper$MyScheduledFutureTask.run(SchedulingWrapper.java:228)
	at com.intellij.util.concurrency.BoundedTaskExecutor.doRun(BoundedTaskExecutor.java:226)
	at com.intellij.util.concurrency.BoundedTaskExecutor.access$100(BoundedTaskExecutor.java:26)
	at com.intellij.util.concurrency.BoundedTaskExecutor$2$1.run(BoundedTaskExecutor.java:199)
	at com.intellij.util.ConcurrencyUtil.runUnderThreadName(ConcurrencyUtil.java:229)
	at com.intellij.util.concurrency.BoundedTaskExecutor$2.run(BoundedTaskExecutor.java:193)
	at java.util.concurrent.ThreadPoolExecutor.runWorker(ThreadPoolExecutor.java:1142)
	at java.util.concurrent.ThreadPoolExecutor$Worker.run(ThreadPoolExecutor.java:617)
	at java.lang.Thread.run(Thread.java:745)
[2018.10.25 21:21:27] (Coverage): Failed to load coverage data from file: C:\Users\Administrator\.IntelliJIdea2018.2\system\coverage\visa_equity$ApplicationMain.ic
java.io.EOFException
	at java.io.DataInputStream.readUnsignedByte(DataInputStream.java:290)
	at com.intellij.rt.coverage.util.CoverageIOUtil.readINT(CoverageIOUtil.java:135)
	at com.intellij.rt.coverage.util.ProjectDataLoader.load(ProjectDataLoader.java:38)
	at com.intellij.coverage.IDEACoverageRunner.loadCoverageData(IDEACoverageRunner.java:26)
	at com.intellij.coverage.BaseCoverageSuite.loadProjectInfo(BaseCoverageSuite.java:245)
	at com.intellij.coverage.JavaCoverageSuite.getCoverageData(JavaCoverageSuite.java:177)
	at com.intellij.coverage.CoverageSuitesBundle.getCoverageData(CoverageSuitesBundle.java:95)
	at com.intellij.coverage.SrcFileAnnotator.showCoverageInformation(SrcFileAnnotator.java:289)
	at com.intellij.coverage.CoverageDataManagerImpl$CoverageEditorFactoryListener.lambda$editorCreated$1(CoverageDataManagerImpl.java:707)
	at com.intellij.util.concurrency.QueueProcessor.runSafely(QueueProcessor.java:232)
	at com.intellij.util.Alarm$Request.runSafely(Alarm.java:405)
	at com.intellij.util.Alarm$Request.access$700(Alarm.java:330)
	at com.intellij.util.Alarm$Request$1.run(Alarm.java:371)
	at com.intellij.util.Alarm$Request.run(Alarm.java:382)
	at java.util.concurrent.Executors$RunnableAdapter.call(Executors.java:511)
	at java.util.concurrent.FutureTask.run(FutureTask.java:266)
	at com.intellij.util.concurrency.SchedulingWrapper$MyScheduledFutureTask.run(SchedulingWrapper.java:228)
	at com.intellij.util.concurrency.BoundedTaskExecutor.doRun(BoundedTaskExecutor.java:226)
	at com.intellij.util.concurrency.BoundedTaskExecutor.access$100(BoundedTaskExecutor.java:26)
	at com.intellij.util.concurrency.BoundedTaskExecutor$2$1.run(BoundedTaskExecutor.java:199)
	at com.intellij.util.ConcurrencyUtil.runUnderThreadName(ConcurrencyUtil.java:229)
	at com.intellij.util.concurrency.BoundedTaskExecutor$2.run(BoundedTaskExecutor.java:193)
	at java.util.concurrent.ThreadPoolExecutor.runWorker(ThreadPoolExecutor.java:1142)
	at java.util.concurrent.ThreadPoolExecutor$Worker.run(ThreadPoolExecutor.java:617)
	at java.lang.Thread.run(Thread.java:745)
[2018.10.25 21:28:11] (Coverage): Failed to load coverage data from file: C:\Users\Administrator\.IntelliJIdea2018.2\system\coverage\visa_equity$ApplicationMain.ic
java.io.EOFException
	at java.io.DataInputStream.readUnsignedByte(DataInputStream.java:290)
	at com.intellij.rt.coverage.util.CoverageIOUtil.readINT(CoverageIOUtil.java:135)
	at com.intellij.rt.coverage.util.ProjectDataLoader.load(ProjectDataLoader.java:38)
	at com.intellij.coverage.IDEACoverageRunner.loadCoverageData(IDEACoverageRunner.java:26)
	at com.intellij.coverage.BaseCoverageSuite.loadProjectInfo(BaseCoverageSuite.java:245)
	at com.intellij.coverage.JavaCoverageSuite.getCoverageData(JavaCoverageSuite.java:177)
	at com.intellij.coverage.CoverageSuitesBundle.getCoverageData(CoverageSuitesBundle.java:95)
	at com.intellij.coverage.SrcFileAnnotator.showCoverageInformation(SrcFileAnnotator.java:289)
	at com.intellij.coverage.CoverageDataManagerImpl$CoverageEditorFactoryListener.lambda$editorCreated$1(CoverageDataManagerImpl.java:707)
	at com.intellij.util.concurrency.QueueProcessor.runSafely(QueueProcessor.java:232)
	at com.intellij.util.Alarm$Request.runSafely(Alarm.java:405)
	at com.intellij.util.Alarm$Request.access$700(Alarm.java:330)
	at com.intellij.util.Alarm$Request$1.run(Alarm.java:371)
	at com.intellij.util.Alarm$Request.run(Alarm.java:382)
	at java.util.concurrent.Executors$RunnableAdapter.call(Executors.java:511)
	at java.util.concurrent.FutureTask.run(FutureTask.java:266)
	at com.intellij.util.concurrency.SchedulingWrapper$MyScheduledFutureTask.run(SchedulingWrapper.java:228)
	at com.intellij.util.concurrency.BoundedTaskExecutor.doRun(BoundedTaskExecutor.java:226)
	at com.intellij.util.concurrency.BoundedTaskExecutor.access$100(BoundedTaskExecutor.java:26)
	at com.intellij.util.concurrency.BoundedTaskExecutor$2$1.run(BoundedTaskExecutor.java:199)
	at com.intellij.util.ConcurrencyUtil.runUnderThreadName(ConcurrencyUtil.java:229)
	at com.intellij.util.concurrency.BoundedTaskExecutor$2.run(BoundedTaskExecutor.java:193)
	at java.util.concurrent.ThreadPoolExecutor.runWorker(ThreadPoolExecutor.java:1142)
	at java.util.concurrent.ThreadPoolExecutor$Worker.run(ThreadPoolExecutor.java:617)
	at java.lang.Thread.run(Thread.java:745)
